main.obj : error LNK2019: unresolved external symbol __imp__glClear@4 referenced in function "void __cdecl testProgram(void)" (?testProgram@@YAXXZ)
main.obj : error LNK2019: unresolved external symbol __imp__glDrawArrays@12 referenced in function "void __cdecl testProgram(void)" (?testProgram@@YAXXZ)
main.obj : error LNK2019: unresolved external symbol __imp__glewInit@0 referenced in function "void __cdecl testProgram(void)" (?testProgram@@YAXXZ)
main.obj : error LNK2019: unresolved external symbol _glfwInit referenced in function "void __cdecl testProgram(void)" (?testProgram@@YAXXZ)
main.obj : error LNK2019: unresolved external symbol _glfwTerminate referenced in function "void __cdecl testProgram(void)" (?testProgram@@YAXXZ)
main.obj : error LNK2019: unresolved external symbol _glfwWindowHint referenced in function "void __cdecl testProgram(void)" (?testProgram@@YAXXZ)
main.obj : error LNK2019: unresolved external symbol _glfwCreateWindow referenced in function "void __cdecl testProgram(void)" (?testProgram@@YAXXZ)
main.obj : error LNK2019: unresolved external symbol _glfwDestroyWindow referenced in function "void __cdecl testProgram(void)" (?testProgram@@YAXXZ)
main.obj : error LNK2019: unresolved external symbol _glfwWindowShouldClose referenced in function "void __cdecl testProgram(void)" (?testProgram@@YAXXZ)
main.obj : error LNK2019: unresolved external symbol _glfwSwapBuffers referenced in function "void __cdecl testProgram(void)" (?testProgram@@YAXXZ)
main.obj : error LNK2019: unresolved external symbol __imp____glewBindBuffer referenced in function "void __cdecl testProgram(void)" (?testProgram@@YAXXZ)
main.obj : error LNK2019: unresolved external symbol __imp____glewBufferData referenced in function "void __cdecl testProgram(void)" (?testProgram@@YAXXZ)
main.obj : error LNK2019: unresolved external symbol __imp____glewGenBuffers referenced in function "void __cdecl testProgram(void)" (?testProgram@@YAXXZ)
main.obj : error LNK2019: unresolved external symbol __imp____glewAttachShader referenced in function "void __cdecl testProgram(void)" (?testProgram@@YAXXZ)
main.obj : error LNK2019: unresolved external symbol __imp____glewCompileShader referenced in function "void __cdecl testProgram(void)" (?testProgram@@YAXXZ)
main.obj : error LNK2019: unresolved external symbol __imp____glewCreateProgram referenced in function "void __cdecl testProgram(void)" (?testProgram@@YAXXZ)
main.obj : error LNK2019: unresolved external symbol __imp____glewCreateShader referenced in function "void __cdecl testProgram(void)" (?testProgram@@YAXXZ)
main.obj : error LNK2019: unresolved external symbol __imp____glewDeleteShader referenced in function "void __cdecl testProgram(void)" (?testProgram@@YAXXZ)
main.obj : error LNK2019: unresolved external symbol __imp____glewLinkProgram referenced in function "void __cdecl testProgram(void)" (?testProgram@@YAXXZ)
main.obj : error LNK2019: unresolved external symbol __imp____glewShaderSource referenced in function "void __cdecl testProgram(void)" (?testProgram@@YAXXZ)
main.obj : error LNK2019: unresolved external symbol __imp____glewUseProgram referenced in function "void __cdecl testProgram(void)" (?testProgram@@YAXXZ)
main.obj : error LNK2019: unresolved external symbol __imp____glewBindVertexArray referenced in function "void __cdecl testProgram(void)" (?testProgram@@YAXXZ)
main.obj : error LNK2019: unresolved external symbol __imp____glewGenVertexArrays referenced in function "void __cdecl testProgram(void)" (?testProgram@@YAXXZ)
main.obj : error LNK2019: unresolved external symbol __imp__glewExperimental referenced in function "void __cdecl testProgram(void)" (?testProgram@@YAXXZ)
D:\Fractions Project Again\Fractions\dependencies\lib\glew32s.lib : warning LNK4272: library machine type 'x64' conflicts with target machine type 'x86'
D:\Fractions Project Again\Fractions\dependencies\lib\glfw3.lib : warning LNK4272: library machine type 'x64' conflicts with target machine type 'x86'
D:\Fractions Project Again\Fractions\Debug\Fractions Executeable.exe : fatal error LNK1120: 24 unresolved externals
